#
# There is insufficient memory for the Java Runtime Environment to continue.
# Native memory allocation (malloc) failed to allocate 1140816 bytes for Chunk::new
# Possible reasons:
#   The system is out of physical RAM or swap space
#   The process is running with CompressedOops enabled, and the Java Heap may be blocking the growth of the native heap
# Possible solutions:
#   Reduce memory load on the system
#   Increase physical memory or swap space
#   Check if swap backing store is full
#   Decrease Java heap size (-Xmx/-Xms)
#   Decrease number of Java threads
#   Decrease Java thread stack sizes (-Xss)
#   Set larger code cache with -XX:ReservedCodeCacheSize=
#   JVM is running with Unscaled Compressed Oops mode in which the Java heap is
#     placed in the first 4GB address space. The Java Heap base address is the
#     maximum limit for the native heap growth. Please use -XX:HeapBaseMinAddress
#     to set the Java Heap base and to place the Java Heap above 4GB virtual address.
# This output file may be truncated or incomplete.
#
#  Out of Memory Error (allocation.cpp:389), pid=13080, tid=0x00000000000045dc
#
# JRE version: OpenJDK Runtime Environment (8.0_212-b04) (build 1.8.0_212-release-1586-b04)
# Java VM: OpenJDK 64-Bit Server VM (25.212-b04 mixed mode windows-amd64 compressed oops)
# Failed to write core dump. Minidumps are not enabled by default on client versions of Windows
#

---------------  T H R E A D  ---------------

Current thread (0x0000000018ee3000):  JavaThread "C2 CompilerThread1" daemon [_thread_in_native, id=17884, stack(0x0000000019750000,0x0000000019850000)]

Stack: [0x0000000019750000,0x0000000019850000]
[error occurred during error reporting (printing stack bounds), id 0xc0000005]

Native frames: (J=compiled Java code, j=interpreted, Vv=VM code, C=native code)


Current CompileTask:
C2:   8050 5449 %     4       org.gradle.internal.instantiation.AbstractClassGenerator::inspectType @ 107 (559 bytes)


---------------  P R O C E S S  ---------------

Java Threads: ( => current thread )
  0x000000001de86000 JavaThread "Cache worker for execution history cache (C:\Users\xeon1\AndroidStudioProjects\ANCH_Kotiln\.gradle\5.6.4\executionHistory)" [_thread_blocked, id=8076, stack(0x0000000026950000,0x0000000026a50000)]
  0x000000001de84800 JavaThread "Execution worker for ':' Thread 7" [_thread_in_native, id=13128, stack(0x0000000026650000,0x0000000026750000)]
  0x000000001de81000 JavaThread "Execution worker for ':' Thread 6" [_thread_in_Java, id=3596, stack(0x0000000026550000,0x0000000026650000)]
  0x000000001de84000 JavaThread "Execution worker for ':' Thread 5" [_thread_in_native, id=13092, stack(0x0000000026450000,0x0000000026550000)]
  0x000000001de82800 JavaThread "Execution worker for ':' Thread 4" [_thread_in_Java, id=15328, stack(0x0000000026350000,0x0000000026450000)]
  0x000000001de81800 JavaThread "Execution worker for ':' Thread 3" [_thread_blocked, id=4176, stack(0x0000000026250000,0x0000000026350000)]
  0x0000000019d63800 JavaThread "Execution worker for ':' Thread 2" [_thread_in_Java, id=18588, stack(0x0000000026150000,0x0000000026250000)]
  0x0000000019d62800 JavaThread "Execution worker for ':'" [_thread_in_native, id=13940, stack(0x0000000026050000,0x0000000026150000)]
  0x0000000019d66800 JavaThread "Cache worker for file content cache (C:\Users\xeon1\AndroidStudioProjects\ANCH_Kotiln\.gradle\5.6.4\fileContent)" [_thread_blocked, id=9012, stack(0x0000000024b80000,0x0000000024c80000)]
  0x0000000019d61000 JavaThread "Cache worker for file content cache (C:\Users\xeon1\.gradle\caches\5.6.4\fileContent)" [_thread_blocked, id=12304, stack(0x0000000024a80000,0x0000000024b80000)]
  0x0000000019d65000 JavaThread "Memory manager" [_thread_blocked, id=11248, stack(0x0000000023f20000,0x0000000024020000)]
  0x0000000019d62000 JavaThread "Cache worker for Build Output Cleanup Cache (C:\Users\xeon1\AndroidStudioProjects\ANCH_Kotiln\.gradle\buildOutputCleanup)" [_thread_blocked, id=15884, stack(0x0000000023c20000,0x0000000023d20000)]
  0x0000000019d5f800 JavaThread "Build operations Thread 8" [_thread_blocked, id=9164, stack(0x0000000023520000,0x0000000023620000)]
  0x0000000019d58000 JavaThread "Build operations Thread 7" [_thread_blocked, id=4468, stack(0x0000000023420000,0x0000000023520000)]
  0x0000000019d5a800 JavaThread "Build operations Thread 6" [_thread_blocked, id=15212, stack(0x0000000023320000,0x0000000023420000)]
  0x0000000019d5f000 JavaThread "Build operations Thread 5" [_thread_blocked, id=4652, stack(0x0000000023220000,0x0000000023320000)]
  0x0000000019d5d800 JavaThread "Build operations Thread 4" [_thread_blocked, id=16124, stack(0x0000000023120000,0x0000000023220000)]
  0x0000000019d5b000 JavaThread "Build operations Thread 3" [_thread_blocked, id=9000, stack(0x0000000023020000,0x0000000023120000)]
  0x0000000019d5e000 JavaThread "Build operations Thread 2" [_thread_blocked, id=19184, stack(0x0000000022f20000,0x0000000023020000)]
  0x0000000019d5c800 JavaThread "Build operations" [_thread_blocked, id=13484, stack(0x0000000022960000,0x0000000022a60000)]
  0x0000000019d5c000 JavaThread "Cache worker for execution history cache (C:\Users\xeon1\.gradle\caches\5.6.4\executionHistory)" [_thread_in_Java, id=17908, stack(0x0000000022860000,0x0000000022960000)]
  0x0000000019d57800 JavaThread "Cache worker for cache directory md-rule (C:\Users\xeon1\.gradle\caches\5.6.4\md-rule)" [_thread_blocked, id=14056, stack(0x0000000022760000,0x0000000022860000)]
  0x0000000019d59000 JavaThread "Cache worker for cache directory md-supplier (C:\Users\xeon1\.gradle\caches\5.6.4\md-supplier)" [_thread_blocked, id=16348, stack(0x000000001fd70000,0x000000001fe70000)]
  0x000000001b77f800 JavaThread "Cache worker for file hash cache (C:\Users\xeon1\AndroidStudioProjects\ANCH_Kotiln\.gradle\5.6.4\fileHashes)" [_thread_blocked, id=3176, stack(0x000000001fa70000,0x000000001fb70000)]
  0x000000001b77c800 JavaThread "Cache worker for journal cache (C:\Users\xeon1\.gradle\caches\journal-1)" [_thread_blocked, id=11212, stack(0x000000001d7d0000,0x000000001d8d0000)]
  0x000000001b77f000 JavaThread "File lock request listener" [_thread_in_native, id=18320, stack(0x000000001d6d0000,0x000000001d7d0000)]
  0x000000001b77e000 JavaThread "Cache worker for file hash cache (C:\Users\xeon1\.gradle\caches\5.6.4\fileHashes)" [_thread_blocked, id=13636, stack(0x000000001d5d0000,0x000000001d6d0000)]
  0x000000001b670000 JavaThread "Thread-9" [_thread_blocked, id=4300, stack(0x000000001d2d0000,0x000000001d3d0000)]
  0x000000001b671000 JavaThread "Stdin handler" [_thread_blocked, id=14380, stack(0x000000001d1d0000,0x000000001d2d0000)]
  0x000000001b6df000 JavaThread "Asynchronous log dispatcher for DefaultDaemonConnection: socket connection from /127.0.0.1:50927 to /127.0.0.1:50928" [_thread_blocked, id=13376, stack(0x000000001cfd0000,0x000000001d0d0000)]
  0x000000001b6f5000 JavaThread "Daemon worker" [_thread_blocked, id=7660, stack(0x000000001ced0000,0x000000001cfd0000)]
  0x000000001b6ee800 JavaThread "Cancel handler" [_thread_blocked, id=4140, stack(0x000000001cdd0000,0x000000001ced0000)]
  0x000000001b6a8800 JavaThread "Handler for socket connection from /127.0.0.1:50927 to /127.0.0.1:50928" [_thread_in_native, id=13752, stack(0x000000001cad0000,0x000000001cbd0000)]
  0x000000001b6a5000 JavaThread "Daemon" [_thread_blocked, id=19392, stack(0x000000001c9d0000,0x000000001cad0000)]
  0x000000001b2e0800 JavaThread "Daemon periodic checks" [_thread_blocked, id=1616, stack(0x000000001c8d0000,0x000000001c9d0000)]
  0x000000001b688000 JavaThread "Incoming local TCP Connector on port 50927" [_thread_in_native, id=19328, stack(0x000000001c6f0000,0x000000001c7f0000)]
  0x000000001b586000 JavaThread "Daemon health stats" [_thread_blocked, id=7392, stack(0x000000001c3f0000,0x000000001c4f0000)]
  0x0000000018f74000 JavaThread "Service Thread" daemon [_thread_blocked, id=14264, stack(0x0000000019a50000,0x0000000019b50000)]
  0x0000000018eff000 JavaThread "C1 CompilerThread3" daemon [_thread_in_native, id=8604, stack(0x0000000019950000,0x0000000019a50000)]
  0x0000000018eeb800 JavaThread "C2 CompilerThread2" daemon [_thread_in_native, id=7828, stack(0x0000000019850000,0x0000000019950000)]
=>0x0000000018ee3000 JavaThread "C2 CompilerThread1" daemon [_thread_in_native, id=17884, stack(0x0000000019750000,0x0000000019850000)]
  0x0000000018ee0800 JavaThread "C2 CompilerThread0" daemon [_thread_in_native, id=16780, stack(0x0000000019650000,0x0000000019750000)]
  0x0000000018edb000 JavaThread "Attach Listener" daemon [_thread_blocked, id=1188, stack(0x0000000019550000,0x0000000019650000)]
  0x0000000018eda000 JavaThread "Signal Dispatcher" daemon [_thread_blocked, id=276, stack(0x0000000019450000,0x0000000019550000)]
  0x000000000329e000 JavaThread "Finalizer" daemon [_thread_blocked, id=9104, stack(0x0000000019350000,0x0000000019450000)]
  0x000000001705c800 JavaThread "Reference Handler" daemon [_thread_blocked, id=11624, stack(0x0000000019250000,0x0000000019350000)]
  0x000000000144d800 JavaThread "main" [_thread_blocked, id=4568, stack(0x00000000030a0000,0x00000000031a0000)]

Other Threads:
  0x0000000017056000 VMThread [stack: 0x0000000018d50000,0x0000000018e50000] [id=17940]
  0x0000000018f75000 WatcherThread [stack: 0x0000000019b50000,0x0000000019c50000] [id=17384]

VM state:not at safepoint (normal execution)

VM Mutex/Monitor currently owned by a thread: None

heap address: 0x00000000a0000000, size: 1536 MB, Compressed Oops mode: 32-bit
Narrow klass base: 0x0000000000000000, Narrow klass shift: 3
Compressed class space size: 1073741824 Address: 0x0000000100000000

Heap:
 PSYoungGen      total 298496K, used 124390K [0x00000000e0000000, 0x00000000f4300000, 0x0000000100000000)
  eden space 275968K, 45% used [0x00000000e0000000,0x00000000e79799d8,0x00000000f0d80000)
  from space 22528K, 0% used [0x00000000f2480000,0x00000000f2480000,0x00000000f3a80000)
  to   space 23552K, 0% used [0x00000000f0d80000,0x00000000f0d80000,0x00000000f2480000)
 ParOldGen       total 323584K, used 33035K [0x00000000a0000000, 0x00000000b3c00000, 0x00000000e0000000)
  object space 323584K, 10% used [0x00000000a0000000,0x00000000a2042fa8,0x00000000b3c00000)
 Metaspace       used 60504K, capacity 63252K, committed 63528K, reserved 1103872K
  class space    used 8346K, capacity 8921K, committed 9000K, reserved 1048576K

Card table byte_map: [0x0000000012660000,0x0000000012970000] byte_map_base: 0x0000000012160000

Marking Bits: (ParMarkBitMap*) 0x00000000549c9f30
 Begin Bits: [0x0000000013370000, 0x0000000014b70000)
 End Bits:   [0x0000000014b70000, 0x0000000016370000)

Polling page: 0x00000000010e0000

CodeCache: size=245760Kb used=20270Kb max_used=20595Kb free=225489Kb
 bounds [0x00000000032a0000, 0x00000000046e0000, 0x00000000122a0000]
 total_blobs=7341 nmethods=6552 adapters=698
 compilation: enabled

Compilation events (10 events):
Event: 8.047 Thread 0x0000000018eff000 nmethod 7284 0x0000000003a81990 code [0x0000000003a81ae0, 0x0000000003a81c30]
Event: 8.047 Thread 0x0000000018eff000 7282       3       org.gradle.internal.snapshot.impl.DefaultFileSystemMirror::getMetadata (41 bytes)
Event: 8.047 Thread 0x0000000018eff000 nmethod 7282 0x0000000003d58bd0 code [0x0000000003d58d80, 0x0000000003d59428]
Event: 8.048 Thread 0x0000000018ee0800 nmethod 7286 0x0000000003dc0610 code [0x0000000003dc0760, 0x0000000003dc08b8]
Event: 8.048 Thread 0x0000000018eeb800 7288   !   4       java.util.concurrent.ConcurrentHashMap::putVal (362 bytes)
Event: 8.049 Thread 0x0000000018ee0800 7289       4       com.google.common.collect.ImmutableList::builder (8 bytes)
Event: 8.049 Thread 0x0000000018eff000 7290       3       java.util.IdentityHashMap::remove (102 bytes)
Event: 8.050 Thread 0x0000000018eff000 nmethod 7290 0x0000000003db4910 code [0x0000000003db4ae0, 0x0000000003db5278]
Event: 8.050 Thread 0x0000000018eff000 7291       3       java.util.IdentityHashMap::closeDeletion (107 bytes)
Event: 8.050 Thread 0x0000000018ee0800 nmethod 7289 0x0000000003b27150 code [0x0000000003b272a0, 0x0000000003b273d8]

GC Heap History (10 events):
Event: 4.378 GC heap before
{Heap before GC invocations=5 (full 1):
 PSYoungGen      total 152576K, used 74890K [0x00000000e0000000, 0x00000000ee780000, 0x0000000100000000)
  eden space 131072K, 47% used [0x00000000e0000000,0x00000000e3c2fc90,0x00000000e8000000)
  from space 21504K, 61% used [0x00000000e8000000,0x00000000e8cf2d00,0x00000000e9500000)
  to   space 21504K, 0% used [0x00000000ed280000,0x00000000ed280000,0x00000000ee780000)
 ParOldGen       total 209408K, used 13678K [0x00000000a0000000, 0x00000000acc80000, 0x00000000e0000000)
  object space 209408K, 6% used [0x00000000a0000000,0x00000000a0d5bba0,0x00000000acc80000)
 Metaspace       used 34568K, capacity 35448K, committed 35496K, reserved 1079296K
  class space    used 4742K, capacity 4997K, committed 5032K, reserved 1048576K
Event: 4.391 GC heap after
Heap after GC invocations=5 (full 1):
 PSYoungGen      total 215552K, used 10073K [0x00000000e0000000, 0x00000000ef480000, 0x0000000100000000)
  eden space 194048K, 0% used [0x00000000e0000000,0x00000000e0000000,0x00000000ebd80000)
  from space 21504K, 46% used [0x00000000ed280000,0x00000000edc56648,0x00000000ee780000)
  to   space 21504K, 0% used [0x00000000ebd80000,0x00000000ebd80000,0x00000000ed280000)
 ParOldGen       total 209408K, used 13686K [0x00000000a0000000, 0x00000000acc80000, 0x00000000e0000000)
  object space 209408K, 6% used [0x00000000a0000000,0x00000000a0d5dba0,0x00000000acc80000)
 Metaspace       used 34568K, capacity 35448K, committed 35496K, reserved 1079296K
  class space    used 4742K, capacity 4997K, committed 5032K, reserved 1048576K
}
Event: 4.391 GC heap before
{Heap before GC invocations=6 (full 2):
 PSYoungGen      total 215552K, used 10073K [0x00000000e0000000, 0x00000000ef480000, 0x0000000100000000)
  eden space 194048K, 0% used [0x00000000e0000000,0x00000000e0000000,0x00000000ebd80000)
  from space 21504K, 46% used [0x00000000ed280000,0x00000000edc56648,0x00000000ee780000)
  to   space 21504K, 0% used [0x00000000ebd80000,0x00000000ebd80000,0x00000000ed280000)
 ParOldGen       total 209408K, used 13686K [0x00000000a0000000, 0x00000000acc80000, 0x00000000e0000000)
  object space 209408K, 6% used [0x00000000a0000000,0x00000000a0d5dba0,0x00000000acc80000)
 Metaspace       used 34568K, capacity 35448K, committed 35496K, reserved 1079296K
  class space    used 4742K, capacity 4997K, committed 5032K, reserved 1048576K
Event: 4.431 GC heap after
Heap after GC invocations=6 (full 2):
 PSYoungGen      total 215552K, used 0K [0x00000000e0000000, 0x00000000ef480000, 0x0000000100000000)
  eden space 194048K, 0% used [0x00000000e0000000,0x00000000e0000000,0x00000000ebd80000)
  from space 21504K, 0% used [0x00000000ed280000,0x00000000ed280000,0x00000000ee780000)
  to   space 21504K, 0% used [0x00000000ebd80000,0x00000000ebd80000,0x00000000ed280000)
 ParOldGen       total 323584K, used 17261K [0x00000000a0000000, 0x00000000b3c00000, 0x00000000e0000000)
  object space 323584K, 5% used [0x00000000a0000000,0x00000000a10db5c0,0x00000000b3c00000)
 Metaspace       used 34546K, capacity 35376K, committed 35496K, reserved 1079296K
  class space    used 4736K, capacity 4985K, committed 5032K, reserved 1048576K
}
Event: 6.335 GC heap before
{Heap before GC invocations=7 (full 2):
 PSYoungGen      total 215552K, used 194048K [0x00000000e0000000, 0x00000000ef480000, 0x0000000100000000)
  eden space 194048K, 100% used [0x00000000e0000000,0x00000000ebd80000,0x00000000ebd80000)
  from space 21504K, 0% used [0x00000000ed280000,0x00000000ed280000,0x00000000ee780000)
  to   space 21504K, 0% used [0x00000000ebd80000,0x00000000ebd80000,0x00000000ed280000)
 ParOldGen       total 323584K, used 17261K [0x00000000a0000000, 0x00000000b3c00000, 0x00000000e0000000)
  object space 323584K, 5% used [0x00000000a0000000,0x00000000a10db5c0,0x00000000b3c00000)
 Metaspace       used 51815K, capacity 53446K, committed 53544K, reserved 1095680K
  class space    used 7051K, capacity 7444K, committed 7464K, reserved 1048576K
Event: 6.359 GC heap after
Heap after GC invocations=7 (full 2):
 PSYoungGen      total 215552K, used 21490K [0x00000000e0000000, 0x00000000f3a80000, 0x0000000100000000)
  eden space 194048K, 0% used [0x00000000e0000000,0x00000000e0000000,0x00000000ebd80000)
  from space 21504K, 99% used [0x00000000ebd80000,0x00000000ed27c918,0x00000000ed280000)
  to   space 22528K, 0% used [0x00000000f2480000,0x00000000f2480000,0x00000000f3a80000)
 ParOldGen       total 323584K, used 19276K [0x00000000a0000000, 0x00000000b3c00000, 0x00000000e0000000)
  object space 323584K, 5% used [0x00000000a0000000,0x00000000a12d3248,0x00000000b3c00000)
 Metaspace       used 51815K, capacity 53446K, committed 53544K, reserved 1095680K
  class space    used 7051K, capacity 7444K, committed 7464K, reserved 1048576K
}
Event: 7.005 GC heap before
{Heap before GC invocations=8 (full 2):
 PSYoungGen      total 215552K, used 107039K [0x00000000e0000000, 0x00000000f3a80000, 0x0000000100000000)
  eden space 194048K, 44% used [0x00000000e0000000,0x00000000e538b420,0x00000000ebd80000)
  from space 21504K, 99% used [0x00000000ebd80000,0x00000000ed27c918,0x00000000ed280000)
  to   space 22528K, 0% used [0x00000000f2480000,0x00000000f2480000,0x00000000f3a80000)
 ParOldGen       total 323584K, used 19276K [0x00000000a0000000, 0x00000000b3c00000, 0x00000000e0000000)
  object space 323584K, 5% used [0x00000000a0000000,0x00000000a12d3248,0x00000000b3c00000)
 Metaspace       used 57193K, capacity 59048K, committed 59160K, reserved 1099776K
  class space    used 7849K, capacity 8281K, committed 8360K, reserved 1048576K
Event: 7.019 GC heap after
Heap after GC invocations=8 (full 2):
 PSYoungGen      total 298496K, used 19000K [0x00000000e0000000, 0x00000000f4300000, 0x0000000100000000)
  eden space 275968K, 0% used [0x00000000e0000000,0x00000000e0000000,0x00000000f0d80000)
  from space 22528K, 84% used [0x00000000f2480000,0x00000000f370e0c8,0x00000000f3a80000)
  to   space 23552K, 0% used [0x00000000f0d80000,0x00000000f0d80000,0x00000000f2480000)
 ParOldGen       total 323584K, used 19284K [0x00000000a0000000, 0x00000000b3c00000, 0x00000000e0000000)
  object space 323584K, 5% used [0x00000000a0000000,0x00000000a12d5248,0x00000000b3c00000)
 Metaspace       used 57193K, capacity 59048K, committed 59160K, reserved 1099776K
  class space    used 7849K, capacity 8281K, committed 8360K, reserved 1048576K
}
Event: 7.019 GC heap before
{Heap before GC invocations=9 (full 3):
 PSYoungGen      total 298496K, used 19000K [0x00000000e0000000, 0x00000000f4300000, 0x0000000100000000)
  eden space 275968K, 0% used [0x00000000e0000000,0x00000000e0000000,0x00000000f0d80000)
  from space 22528K, 84% used [0x00000000f2480000,0x00000000f370e0c8,0x00000000f3a80000)
  to   space 23552K, 0% used [0x00000000f0d80000,0x00000000f0d80000,0x00000000f2480000)
 ParOldGen       total 323584K, used 19284K [0x00000000a0000000, 0x00000000b3c00000, 0x00000000e0000000)
  object space 323584K, 5% used [0x00000000a0000000,0x00000000a12d5248,0x00000000b3c00000)
 Metaspace       used 57193K, capacity 59048K, committed 59160K, reserved 1099776K
  class space    used 7849K, capacity 8281K, committed 8360K, reserved 1048576K
Event: 7.200 GC heap after
Heap after GC invocations=9 (full 3):
 PSYoungGen      total 298496K, used 0K [0x00000000e0000000, 0x00000000f4300000, 0x0000000100000000)
  eden space 275968K, 0% used [0x00000000e0000000,0x00000000e0000000,0x00000000f0d80000)
  from space 22528K, 0% used [0x00000000f2480000,0x00000000f2480000,0x00000000f3a80000)
  to   space 23552K, 0% used [0x00000000f0d80000,0x00000000f0d80000,0x00000000f2480000)
 ParOldGen       total 323584K, used 33035K [0x00000000a0000000, 0x00000000b3c00000, 0x00000000e0000000)
  object space 323584K, 10% used [0x00000000a0000000,0x00000000a2042fa8,0x00000000b3c00000)
 Metaspace       used 57193K, capacity 59048K, committed 59160K, reserved 1099776K
  class space    used 7849K, capacity 8281K, committed 8360K, reserved 1048576K
}

Deoptimization events (10 events):
Event: 7.705 Thread 0x000000001b6f5000 Uncommon trap: reason=unstable_if action=reinterpret pc=0x0000000003eebaa4 method=java.util.concurrent.ConcurrentHashMap.addCount(JI)V @ 97
Event: 7.748 Thread 0x0000000019d5c000 Uncommon trap: reason=unstable_if action=reinterpret pc=0x000000000438d08c method=com.esotericsoftware.kryo.io.Input.readVarInt(Z)I @ 42
Event: 7.807 Thread 0x0000000019d5c000 Uncommon trap: reason=unstable_if action=reinterpret pc=0x0000000004368fa8 method=com.esotericsoftware.kryo.io.Input.readVarInt(Z)I @ 42
Event: 7.923 Thread 0x000000001de84000 Uncommon trap: reason=unstable_if action=reinterpret pc=0x000000000463f36c method=java.util.concurrent.ConcurrentLinkedQueue.offer(Ljava/lang/Object;)Z @ 91
Event: 7.960 Thread 0x000000001de84000 Uncommon trap: reason=bimorphic action=maybe_recompile pc=0x00000000045e8008 method=com.google.common.collect.NaturalOrdering.compare(Ljava/lang/Comparable;Ljava/lang/Comparable;)I @ 12
Event: 7.960 Thread 0x000000001de84000 Uncommon trap: reason=bimorphic action=maybe_recompile pc=0x00000000045e8008 method=com.google.common.collect.NaturalOrdering.compare(Ljava/lang/Comparable;Ljava/lang/Comparable;)I @ 12
Event: 7.960 Thread 0x000000001de84000 Uncommon trap: reason=bimorphic action=maybe_recompile pc=0x00000000045e8008 method=com.google.common.collect.NaturalOrdering.compare(Ljava/lang/Comparable;Ljava/lang/Comparable;)I @ 12
Event: 7.960 Thread 0x000000001de84000 Uncommon trap: reason=bimorphic action=maybe_recompile pc=0x00000000045e8008 method=com.google.common.collect.NaturalOrdering.compare(Ljava/lang/Comparable;Ljava/lang/Comparable;)I @ 12
Event: 8.003 Thread 0x0000000019d63800 Uncommon trap: reason=unstable_if action=reinterpret pc=0x0000000004273000 method=java.util.concurrent.locks.ReentrantLock$Sync.nonfairTryAcquire(I)Z @ 19
Event: 8.026 Thread 0x0000000019d63800 Uncommon trap: reason=unstable_if action=reinterpret pc=0x0000000003808a10 method=java.util.concurrent.ConcurrentHashMap.addCount(JI)V @ 97

Classes redefined (0 events):
No events

Internal exceptions (10 events):
Event: 7.891 Thread 0x000000001b670000 Exception <a 'java/lang/NoSuchMethodError': <clinit>> (0x00000000e0498bd8) thrown at [D:\src\AOSP-openjdk-cygwin\jdk8u\hotspot\src\share\vm\prims\jni.cpp, line 1614]
Event: 7.891 Thread 0x000000001b670000 Exception <a 'java/lang/NoSuchMethodError': <clinit>> (0x00000000e049aeb0) thrown at [D:\src\AOSP-openjdk-cygwin\jdk8u\hotspot\src\share\vm\prims\jni.cpp, line 1614]
Event: 7.892 Thread 0x000000001b670000 Exception <a 'java/lang/NoSuchMethodError': <clinit>> (0x00000000e04a7228) thrown at [D:\src\AOSP-openjdk-cygwin\jdk8u\hotspot\src\share\vm\prims\jni.cpp, line 1614]
Event: 7.894 Thread 0x000000001b670000 Exception <a 'java/lang/NoSuchMethodError': <clinit>> (0x00000000e04b8570) thrown at [D:\src\AOSP-openjdk-cygwin\jdk8u\hotspot\src\share\vm\prims\jni.cpp, line 1614]
Event: 7.894 Thread 0x000000001b670000 Exception <a 'java/lang/NoSuchMethodError': <clinit>> (0x00000000e04c12a0) thrown at [D:\src\AOSP-openjdk-cygwin\jdk8u\hotspot\src\share\vm\prims\jni.cpp, line 1614]
Event: 7.917 Thread 0x000000001b670000 Exception <a 'java/lang/NoSuchMethodError': <clinit>> (0x00000000e04cbc28) thrown at [D:\src\AOSP-openjdk-cygwin\jdk8u\hotspot\src\share\vm\prims\jni.cpp, line 1614]
Event: 7.920 Thread 0x000000001b670000 Exception <a 'java/lang/NoSuchMethodError': <clinit>> (0x00000000e04e33c8) thrown at [D:\src\AOSP-openjdk-cygwin\jdk8u\hotspot\src\share\vm\prims\jni.cpp, line 1614]
Event: 7.921 Thread 0x000000001b670000 Exception <a 'java/lang/NoSuchMethodError': <clinit>> (0x00000000e04e4ee0) thrown at [D:\src\AOSP-openjdk-cygwin\jdk8u\hotspot\src\share\vm\prims\jni.cpp, line 1614]
Event: 7.921 Thread 0x000000001b670000 Exception <a 'java/lang/NoSuchMethodError': <clinit>> (0x00000000e04e6d70) thrown at [D:\src\AOSP-openjdk-cygwin\jdk8u\hotspot\src\share\vm\prims\jni.cpp, line 1614]
Event: 7.974 Thread 0x000000001b670000 Exception <a 'java/lang/NoSuchMethodError': <clinit>> (0x00000000e04f40d8) thrown at [D:\src\AOSP-openjdk-cygwin\jdk8u\hotspot\src\share\vm\prims\jni.cpp, line 1614]

Events (10 events):
Event: 8.041 loading class org/gradle/api/internal/artifacts/ivyservice/resolveengine/artifact/ResolvableArtifact
Event: 8.041 loading class org/gradle/api/internal/artifacts/ivyservice/resolveengine/artifact/ResolvableArtifact done
Event: 8.041 loading class org/gradle/api/internal/artifacts/transform/TransformationSubject
Event: 8.041 loading class org/gradle/api/internal/artifacts/transform/TransformationSubject done
Event: 8.041 loading class org/gradle/api/internal/artifacts/transform/TransformingArtifactVisitor
Event: 8.041 loading class org/gradle/api/internal/artifacts/transform/TransformingArtifactVisitor done
Event: 8.042 loading class org/gradle/api/internal/artifacts/ivyservice/resolveengine/artifact/ResolvableArtifact
Event: 8.042 loading class org/gradle/api/internal/artifacts/ivyservice/resolveengine/artifact/ResolvableArtifact done
Event: 8.042 loading class org/gradle/api/internal/artifacts/transform/TransformingArtifactVisitor
Event: 8.042 loading class org/gradle/api/internal/artifacts/transform/TransformingArtifactVisitor done


Dynamic libraries:
0x00007ff644cf0000 - 0x00007ff644d21000 	C:\Program Files\Android\Android Studio\jre\bin\java.exe
0x00007ff977ae0000 - 0x00007ff977cd0000 	C:\Windows\SYSTEM32\ntdll.dll
0x00007ff975c50000 - 0x00007ff975d02000 	C:\Windows\System32\KERNEL32.DLL
0x00007ff974ea0000 - 0x00007ff975144000 	C:\Windows\System32\KERNELBASE.dll
0x00007ff976870000 - 0x00007ff976913000 	C:\Windows\System32\ADVAPI32.dll
0x00007ff977890000 - 0x00007ff97792e000 	C:\Windows\System32\msvcrt.dll
0x00007ff976b40000 - 0x00007ff976bd7000 	C:\Windows\System32\sechost.dll
0x00007ff975f70000 - 0x00007ff976090000 	C:\Windows\System32\RPCRT4.dll
0x00007ff9766d0000 - 0x00007ff976864000 	C:\Windows\System32\USER32.dll
0x00007ff9751a0000 - 0x00007ff9751c1000 	C:\Windows\System32\win32u.dll
0x00007ff976500000 - 0x00007ff976526000 	C:\Windows\System32\GDI32.dll
0x00007ff974a70000 - 0x00007ff974c05000 	C:\Windows\System32\gdi32full.dll
0x00007ff975af0000 - 0x00007ff975b8e000 	C:\Windows\System32\msvcp_win.dll
0x00007ff974c10000 - 0x00007ff974d0a000 	C:\Windows\System32\ucrtbase.dll
0x00007ff965250000 - 0x00007ff9654d4000 	C:\Windows\WinSxS\amd64_microsoft.windows.common-controls_6595b64144ccf1df_6.0.18362.900_none_e6beb9d913147d17\COMCTL32.dll
0x00007ff977550000 - 0x00007ff977885000 	C:\Windows\System32\combase.dll
0x00007ff974d10000 - 0x00007ff974d90000 	C:\Windows\System32\bcryptPrimitives.dll
0x00007ff975d90000 - 0x00007ff975dbe000 	C:\Windows\System32\IMM32.DLL
0x0000000054120000 - 0x00000000541f2000 	C:\Program Files\Android\Android Studio\jre\jre\bin\msvcr100.dll
0x0000000054200000 - 0x0000000054a46000 	C:\Program Files\Android\Android Studio\jre\jre\bin\server\jvm.dll
0x00007ff976c40000 - 0x00007ff976c48000 	C:\Windows\System32\PSAPI.DLL
0x00007ff96ce70000 - 0x00007ff96ce7a000 	C:\Windows\SYSTEM32\VERSION.dll
0x00007ff961130000 - 0x00007ff961139000 	C:\Windows\SYSTEM32\WSOCK32.dll
0x00007ff972110000 - 0x00007ff972134000 	C:\Windows\SYSTEM32\WINMM.dll
0x00007ff976ad0000 - 0x00007ff976b3f000 	C:\Windows\System32\WS2_32.dll
0x00007ff972030000 - 0x00007ff97205d000 	C:\Windows\SYSTEM32\winmmbase.dll
0x00007ff975150000 - 0x00007ff97519a000 	C:\Windows\System32\cfgmgr32.dll
0x00007ff971060000 - 0x00007ff97106f000 	C:\Program Files\Android\Android Studio\jre\jre\bin\verify.dll
0x00007ff966fb0000 - 0x00007ff966fd9000 	C:\Program Files\Android\Android Studio\jre\jre\bin\java.dll
0x00007ff971040000 - 0x00007ff971056000 	C:\Program Files\Android\Android Studio\jre\jre\bin\zip.dll
0x00007ff976c50000 - 0x00007ff977336000 	C:\Windows\System32\SHELL32.dll
0x00007ff976530000 - 0x00007ff9765d9000 	C:\Windows\System32\shcore.dll
0x00007ff975340000 - 0x00007ff975ac0000 	C:\Windows\System32\windows.storage.dll
0x00007ff9749b0000 - 0x00007ff9749d3000 	C:\Windows\System32\profapi.dll
0x00007ff974a00000 - 0x00007ff974a4a000 	C:\Windows\System32\powrprof.dll
0x00007ff9749a0000 - 0x00007ff9749b0000 	C:\Windows\System32\UMPDC.dll
0x00007ff976a70000 - 0x00007ff976ac2000 	C:\Windows\System32\shlwapi.dll
0x00007ff974a50000 - 0x00007ff974a61000 	C:\Windows\System32\kernel.appcore.dll
0x00007ff9751d0000 - 0x00007ff9751e7000 	C:\Windows\System32\cryptsp.dll
0x00007ff962660000 - 0x00007ff96267a000 	C:\Program Files\Android\Android Studio\jre\jre\bin\net.dll
0x00007ff966a80000 - 0x00007ff966c56000 	C:\Windows\SYSTEM32\urlmon.dll
0x00007ff963d40000 - 0x00007ff963fe6000 	C:\Windows\SYSTEM32\iertutil.dll
0x00007ff9742e0000 - 0x00007ff9742ec000 	C:\Windows\SYSTEM32\CRYPTBASE.DLL
0x00007ff974160000 - 0x00007ff9741c7000 	C:\Windows\system32\mswsock.dll
0x00007ff9615a0000 - 0x00007ff9615b3000 	C:\Program Files\Android\Android Studio\jre\jre\bin\nio.dll
0x00007ff9560e0000 - 0x00007ff956106000 	C:\Users\xeon1\.gradle\native\30\windows-amd64\native-platform.dll
0x00007ff970cd0000 - 0x00007ff970cdd000 	C:\Program Files\Android\Android Studio\jre\jre\bin\management.dll
0x00007ff973ce0000 - 0x00007ff973d13000 	C:\Windows\system32\rsaenh.dll
0x00007ff975ac0000 - 0x00007ff975ae6000 	C:\Windows\System32\bcrypt.dll
0x00007ff9748c0000 - 0x00007ff9748e5000 	C:\Windows\SYSTEM32\USERENV.dll
0x00007ff973e80000 - 0x00007ff973eba000 	C:\Windows\SYSTEM32\IPHLPAPI.DLL
0x00007ff975c40000 - 0x00007ff975c48000 	C:\Windows\System32\NSI.dll
0x00007ff96cec0000 - 0x00007ff96ced6000 	C:\Windows\SYSTEM32\dhcpcsvc6.DLL
0x00007ff96ce80000 - 0x00007ff96ce9c000 	C:\Windows\SYSTEM32\dhcpcsvc.DLL
0x00007ff973ec0000 - 0x00007ff973f8b000 	C:\Windows\SYSTEM32\DNSAPI.dll

VM Arguments:
jvm_args: -Xmx1536m -Dfile.encoding=x-windows-949 -Duser.country=KR -Duser.language=ko -Duser.variant 
java_command: org.gradle.launcher.daemon.bootstrap.GradleDaemon 5.6.4
java_class_path (initial): C:\Users\xeon1\.gradle\wrapper\dists\gradle-5.6.4-all\ankdp27end7byghfw1q2sw75f\gradle-5.6.4\lib\gradle-launcher-5.6.4.jar
Launcher Type: SUN_STANDARD

Environment Variables:
JAVA_HOME=C:\Program Files\OpenJDK
PATH=C:\Program Files (x86)\Common Files\Intel\Shared Libraries\redist\intel64\compiler;C:\Program Files (x86)\Common Files\Oracle\Java\javapath;c:\program files\dell\dw wlan card;c:\windows\system32;c:\windows;c:\windows\system32\wbem;c:\windows\system32\windowspowershell\v1.0\;c:\windows\system32\openssh\;c:\program files (x86)\brackets\command;C:\Program Files (x86)\NVIDIA Corporation\PhysX\Common;C:\Program Files\dotnet\;C:\Program Files\Git\cmd;C:\Users\xeon1\AppData\Local\Microsoft\WindowsApps;C:\Program Files\OpenJDK\bin;
USERNAME=xeon1
OS=Windows_NT
PROCESSOR_IDENTIFIER=Intel64 Family 6 Model 94 Stepping 3, GenuineIntel



---------------  S Y S T E M  ---------------

OS: Windows 10.0 , 64 bit Build 18362 (10.0.18362.900)

CPU:total 8 (initial active 8) (4 cores per cpu, 2 threads per core) family 6 model 94 stepping 3, cmov, cx8, fxsr, mmx, sse, sse2, sse3, ssse3, sse4.1, sse4.2, popcnt, avx, avx2, aes, clmul, erms, rtm, 3dnowpref, lzcnt, ht, tsc, tscinvbit, bmi1, bmi2, adx

Memory: 4k page, physical 33362512k(16157700k free), swap 33362512k(2576k free)

vm_info: OpenJDK 64-Bit Server VM (25.212-b04) for windows-amd64 JRE (1.8.0_212-release-1586-b04), built by "builder" with MS VC++ 10.0 (VS2010)

time: Sat Jun 13 21:16:56 2020
timezone: 대한민국 표준시
elapsed time: 8 seconds (0d 0h 0m 8s)

